2021-03-14 15:40:01.591 [main] INFO  calculator.Calculator - [SQ ROOT] - 3.0
2021-03-14 15:40:01.595 [main] INFO  calculator.Calculator - [RESULT - SQ ROOT] - 1.7320508075688772
2021-03-14 15:40:01.596 [main] INFO  calculator.Calculator - [SQ ROOT] - 4.0
2021-03-14 15:40:01.596 [main] INFO  calculator.Calculator - [RESULT - SQ ROOT] - 2.0
2021-03-14 15:40:01.597 [main] INFO  calculator.Calculator - [NATURAL LOG] - 1.0
2021-03-14 15:40:01.597 [main] INFO  calculator.Calculator - [RESULT - NATURAL LOG] - 0.0
2021-03-14 15:40:01.597 [main] INFO  calculator.Calculator - [NATURAL LOG] - 1.0
2021-03-14 15:40:01.598 [main] INFO  calculator.Calculator - [RESULT - NATURAL LOG] - 0.0
2021-03-14 15:40:01.599 [main] INFO  calculator.Calculator - [POWER - 2.0 RAISED TO] 2.0
2021-03-14 15:40:01.599 [main] INFO  calculator.Calculator - [RESULT - POWER] - 4.0
2021-03-14 15:40:01.599 [main] INFO  calculator.Calculator - [POWER - 2.0 RAISED TO] 3.0
2021-03-14 15:40:01.599 [main] INFO  calculator.Calculator - [RESULT - POWER] - 8.0
2021-03-14 15:40:01.600 [main] INFO  calculator.Calculator - [POWER - 2.0 RAISED TO] 3.0
2021-03-14 15:40:01.600 [main] INFO  calculator.Calculator - [RESULT - POWER] - 8.0
2021-03-14 15:40:01.600 [main] INFO  calculator.Calculator - [POWER - 4.0 RAISED TO] 3.0
2021-03-14 15:40:01.600 [main] INFO  calculator.Calculator - [RESULT - POWER] - 64.0
2021-03-14 15:40:01.601 [main] INFO  calculator.Calculator - [NATURAL LOG] - 2.4
2021-03-14 15:40:01.601 [main] INFO  calculator.Calculator - [RESULT - NATURAL LOG] - 0.8754687373538999
2021-03-14 15:40:01.601 [main] INFO  calculator.Calculator - [NATURAL LOG] - 2.1
2021-03-14 15:40:01.601 [main] INFO  calculator.Calculator - [RESULT - NATURAL LOG] - 0.7419373447293773
2021-03-14 15:40:01.602 [main] INFO  calculator.Calculator - [SQ ROOT] - 4.0
2021-03-14 15:40:01.602 [main] INFO  calculator.Calculator - [RESULT - SQ ROOT] - 2.0
2021-03-14 15:40:01.602 [main] INFO  calculator.Calculator - [SQ ROOT] - 1.0
2021-03-14 15:40:01.603 [main] INFO  calculator.Calculator - [RESULT - SQ ROOT] - 1.0
2022-04-14 18:39:55.615 [main] INFO  calculator.Calculator - [SQ ROOT] - 3.0
2022-04-14 18:39:55.617 [main] INFO  calculator.Calculator - [RESULT - SQ ROOT] - 1.7320508075688772
2022-04-14 18:39:55.618 [main] INFO  calculator.Calculator - [SQ ROOT] - 4.0
2022-04-14 18:39:55.618 [main] INFO  calculator.Calculator - [RESULT - SQ ROOT] - 2.0
2022-04-14 18:39:55.619 [main] INFO  calculator.Calculator - [NATURAL LOG] - 1.0
2022-04-14 18:39:55.619 [main] INFO  calculator.Calculator - [RESULT - NATURAL LOG] - 0.0
2022-04-14 18:39:55.619 [main] INFO  calculator.Calculator - [NATURAL LOG] - 1.0
2022-04-14 18:39:55.619 [main] INFO  calculator.Calculator - [RESULT - NATURAL LOG] - 0.0
2022-04-14 18:39:55.620 [main] INFO  calculator.Calculator - [POWER - 2.0 RAISED TO] 2.0
2022-04-14 18:39:55.621 [main] INFO  calculator.Calculator - [RESULT - POWER] - 4.0
2022-04-14 18:39:55.621 [main] INFO  calculator.Calculator - [POWER - 2.0 RAISED TO] 3.0
2022-04-14 18:39:55.621 [main] INFO  calculator.Calculator - [RESULT - POWER] - 8.0
2022-04-14 18:39:55.622 [main] INFO  calculator.Calculator - [POWER - 2.0 RAISED TO] 3.0
2022-04-14 18:39:55.622 [main] INFO  calculator.Calculator - [RESULT - POWER] - 8.0
2022-04-14 18:39:55.622 [main] INFO  calculator.Calculator - [POWER - 4.0 RAISED TO] 3.0
2022-04-14 18:39:55.622 [main] INFO  calculator.Calculator - [RESULT - POWER] - 64.0
2022-04-14 18:39:55.623 [main] INFO  calculator.Calculator - [NATURAL LOG] - 2.4
2022-04-14 18:39:55.623 [main] INFO  calculator.Calculator - [RESULT - NATURAL LOG] - 0.8754687373538999
2022-04-14 18:39:55.623 [main] INFO  calculator.Calculator - [NATURAL LOG] - 2.1
2022-04-14 18:39:55.624 [main] INFO  calculator.Calculator - [RESULT - NATURAL LOG] - 0.7419373447293773
2022-04-14 18:39:55.624 [main] INFO  calculator.Calculator - [SQ ROOT] - 4.0
2022-04-14 18:39:55.624 [main] INFO  calculator.Calculator - [RESULT - SQ ROOT] - 2.0
2022-04-14 18:39:55.625 [main] INFO  calculator.Calculator - [SQ ROOT] - 1.0
2022-04-14 18:39:55.625 [main] INFO  calculator.Calculator - [RESULT - SQ ROOT] - 1.0
2022-04-17 19:23:39.285 [main] INFO  calculator.Calculator - [FACTORIAL] - 6.0
2022-04-17 19:23:39.288 [main] INFO  calculator.Calculator - [RESULT - FACTORIAL] = 720.0
2022-04-17 19:23:39.289 [main] INFO  calculator.Calculator - [FACTORIAL] - 3.0
2022-04-17 19:23:39.289 [main] INFO  calculator.Calculator - [RESULT - FACTORIAL] = 6.0
2022-04-17 19:23:39.290 [main] INFO  calculator.Calculator - [SQRT] - 3.0
2022-04-17 19:23:39.291 [main] INFO  calculator.Calculator - [RESULT - SQRT] = 1.7320508075688772
2022-04-17 19:23:39.291 [main] INFO  calculator.Calculator - [SQRT] - 4.0
2022-04-17 19:23:39.292 [main] INFO  calculator.Calculator - [RESULT - SQRT] = 2.0
2022-04-17 19:23:39.295 [main] INFO  calculator.Calculator - [LOG] - 1.0
2022-04-17 19:23:39.298 [main] INFO  calculator.Calculator - [RESULT - LOG] = 0.0
2022-04-17 19:23:39.302 [main] INFO  calculator.Calculator - [LOG] - 1.0
2022-04-17 19:23:39.312 [main] INFO  calculator.Calculator - [RESULT - LOG] = 0.0
2022-04-17 19:23:39.313 [main] INFO  calculator.Calculator - [FACTORIAL] - 5.0
2022-04-17 19:23:39.314 [main] INFO  calculator.Calculator - [RESULT - FACTORIAL] = 120.0
2022-04-17 19:23:39.314 [main] INFO  calculator.Calculator - [FACTORIAL] - 4.0
2022-04-17 19:23:39.314 [main] INFO  calculator.Calculator - [RESULT - FACTORIAL] = 24.0
2022-04-17 19:23:39.315 [main] INFO  calculator.Calculator - [POWER] - 2.0, 2.0
2022-04-17 19:23:39.315 [main] INFO  calculator.Calculator - [RESULT - POWER] = 4.0
2022-04-17 19:23:39.316 [main] INFO  calculator.Calculator - [POWER] - 2.0, 3.0
2022-04-17 19:23:39.316 [main] INFO  calculator.Calculator - [RESULT - POWER] = 8.0
2022-04-17 19:23:39.319 [main] INFO  calculator.Calculator - [POWER] - 2.0, 3.0
2022-04-17 19:23:39.319 [main] INFO  calculator.Calculator - [RESULT - POWER] = 8.0
2022-04-17 19:23:39.319 [main] INFO  calculator.Calculator - [POWER] - 4.0, 3.0
2022-04-17 19:23:39.320 [main] INFO  calculator.Calculator - [RESULT - POWER] = 64.0
2022-04-17 19:23:39.320 [main] INFO  calculator.Calculator - [LOG] - 2.4
2022-04-17 19:23:39.320 [main] INFO  calculator.Calculator - [RESULT - LOG] = 0.8754687373538999
2022-04-17 19:23:39.320 [main] INFO  calculator.Calculator - [LOG] - 2.1
2022-04-17 19:23:39.321 [main] INFO  calculator.Calculator - [RESULT - LOG] = 0.7419373447293773
2022-04-17 19:23:39.321 [main] INFO  calculator.Calculator - [SQRT] - 4.0
2022-04-17 19:23:39.321 [main] INFO  calculator.Calculator - [RESULT - SQRT] = 2.0
2022-04-17 19:23:39.322 [main] INFO  calculator.Calculator - [SQRT] - 1.0
2022-04-17 19:23:39.322 [main] INFO  calculator.Calculator - [RESULT - SQRT] = 1.0
